warn: Microsoft.EntityFrameworkCore.Query[20504]
      Compiling a query which loads related collections for more than one collection navigation, either via 'Include' or through projection, but no 'QuerySplittingBehavior' has been configured. By default, Entity Framework will use 'QuerySplittingBehavior.SingleQuery', which can potentially result in slow query performance. See https://go.microsoft.com/fwlink/?linkid=2134277 for more information. To identify the query that's triggering this warning call 'ConfigureWarnings(w => w.Throw(RelationalEventId.MultipleCollectionIncludeWarning))'.
warn: Microsoft.EntityFrameworkCore.Query[20504]
      Compiling a query which loads related collections for more than one collection navigation, either via 'Include' or through projection, but no 'QuerySplittingBehavior' has been configured. By default, Entity Framework will use 'QuerySplittingBehavior.SingleQuery', which can potentially result in slow query performance. See https://go.microsoft.com/fwlink/?linkid=2134277 for more information. To identify the query that's triggering this warning call 'ConfigureWarnings(w => w.Throw(RelationalEventId.MultipleCollectionIncludeWarning))'.
warn: Microsoft.EntityFrameworkCore.Query[20504]
      Compiling a query which loads related collections for more than one collection navigation, either via 'Include' or through projection, but no 'QuerySplittingBehavior' has been configured. By default, Entity Framework will use 'QuerySplittingBehavior.SingleQuery', which can potentially result in slow query performance. See https://go.microsoft.com/fwlink/?linkid=2134277 for more information. To identify the query that's triggering this warning call 'ConfigureWarnings(w => w.Throw(RelationalEventId.MultipleCollectionIncludeWarning))'.
fail: Microsoft.AspNetCore.Server.Kestrel[13]
      Connection id "0HNIBL5EPSLOQ", Request id "0HNIBL5EPSLOQ:0000000D": An unhandled exception was thrown by the application.
      Npgsql.NpgsqlOperationInProgressException (0x80004005): A command is already in progress: INSERT INTO "PageVisits" ("EventType", "IpHash", "Path", "Referrer", "SessionFingerprint", "UserAgent", "UserId", "UsernameSnapshot", "VisitedAt")
      VALUES (@p0, @p1, @p2, @p3, @p4, @p5, @p6, @p7, @p8)
      RETURNING "Id";
      
         at Npgsql.ThrowHelper.ThrowNpgsqlOperationInProgressException(NpgsqlCommand command)
         at Npgsql.Internal.NpgsqlConnector.<StartUserAction>g__DoStartUserAction|279_0(ConnectorState newState, NpgsqlCommand command, CancellationToken cancellationToken, Boolean attemptPgCancellation)
         at Npgsql.Internal.NpgsqlConnector.Reset(Boolean async)
         at Npgsql.NpgsqlConnection.CloseAsync(Boolean async)
         at Microsoft.EntityFrameworkCore.Storage.RelationalConnection.ResetStateAsync(Boolean disposeDbConnection)
         at Microsoft.Extensions.DependencyInjection.ServiceLookup.ServiceProviderEngineScope.<DisposeAsync>g__Await|26_0(Int32 i, ValueTask vt, List`1 toDispose)
         at Microsoft.EntityFrameworkCore.DbContext.DisposeAsync()
         at Microsoft.Extensions.DependencyInjection.ServiceLookup.ServiceProviderEngineScope.<DisposeAsync>g__Await|26_0(Int32 i, ValueTask vt, List`1 toDispose)
         at Microsoft.AspNetCore.Http.Features.RequestServicesFeature.<DisposeAsync>g__Awaited|9_0(RequestServicesFeature servicesFeature, ValueTask vt)
         at Microsoft.AspNetCore.Server.Kestrel.Core.Internal.Http.HttpProtocol.<FireOnCompleted>g__ProcessEvents|242_0(HttpProtocol protocol, Stack`1 events)
fail: Microsoft.AspNetCore.Server.Kestrel[13]
      Connection id "0HNIBL5EPSLOO", Request id "0HNIBL5EPSLOO:0000002E": An unhandled exception was thrown by the application.
      Npgsql.NpgsqlOperationInProgressException (0x80004005): A command is already in progress: INSERT INTO "PageVisits" ("EventType", "IpHash", "Path", "Referrer", "SessionFingerprint", "UserAgent", "UserId", "UsernameSnapshot", "VisitedAt")
      VALUES (@p0, @p1, @p2, @p3, @p4, @p5, @p6, @p7, @p8)
      RETURNING "Id";
      
         at Npgsql.ThrowHelper.ThrowNpgsqlOperationInProgressException(NpgsqlCommand command)
         at Npgsql.Internal.NpgsqlConnector.<StartUserAction>g__DoStartUserAction|279_0(ConnectorState newState, NpgsqlCommand command, CancellationToken cancellationToken, Boolean attemptPgCancellation)
         at Npgsql.Internal.NpgsqlConnector.Reset(Boolean async)
         at Npgsql.NpgsqlConnection.CloseAsync(Boolean async)
         at Microsoft.EntityFrameworkCore.Storage.RelationalConnection.ResetStateAsync(Boolean disposeDbConnection)
         at Microsoft.Extensions.DependencyInjection.ServiceLookup.ServiceProviderEngineScope.<DisposeAsync>g__Await|26_0(Int32 i, ValueTask vt, List`1 toDispose)
         at Microsoft.EntityFrameworkCore.DbContext.DisposeAsync()
         at Microsoft.Extensions.DependencyInjection.ServiceLookup.ServiceProviderEngineScope.<DisposeAsync>g__Await|26_0(Int32 i, ValueTask vt, List`1 toDispose)
         at Microsoft.AspNetCore.Http.Features.RequestServicesFeature.<DisposeAsync>g__Awaited|9_0(RequestServicesFeature servicesFeature, ValueTask vt)
         at Microsoft.AspNetCore.Server.Kestrel.Core.Internal.Http.HttpProtocol.<FireOnCompleted>g__ProcessEvents|242_0(HttpProtocol protocol, Stack`1 events)
fail: Microsoft.AspNetCore.Server.Kestrel[13]
      Connection id "0HNIBL5EPSLOP", Request id "0HNIBL5EPSLOP:0000001F": An unhandled exception was thrown by the application.
      Npgsql.NpgsqlOperationInProgressException (0x80004005): A command is already in progress: INSERT INTO "PageVisits" ("EventType", "IpHash", "Path", "Referrer", "SessionFingerprint", "UserAgent", "UserId", "UsernameSnapshot", "VisitedAt")
      VALUES (@p0, @p1, @p2, @p3, @p4, @p5, @p6, @p7, @p8)
      RETURNING "Id";
      
         at Npgsql.ThrowHelper.ThrowNpgsqlOperationInProgressException(NpgsqlCommand command)
         at Npgsql.Internal.NpgsqlConnector.<StartUserAction>g__DoStartUserAction|279_0(ConnectorState newState, NpgsqlCommand command, CancellationToken cancellationToken, Boolean attemptPgCancellation)
         at Npgsql.Internal.NpgsqlConnector.Reset(Boolean async)
         at Npgsql.NpgsqlConnection.CloseAsync(Boolean async)
         at Microsoft.EntityFrameworkCore.Storage.RelationalConnection.ResetStateAsync(Boolean disposeDbConnection)
         at Microsoft.Extensions.DependencyInjection.ServiceLookup.ServiceProviderEngineScope.<DisposeAsync>g__Await|26_0(Int32 i, ValueTask vt, List`1 toDispose)
         at Microsoft.EntityFrameworkCore.DbContext.DisposeAsync()
         at Microsoft.Extensions.DependencyInjection.ServiceLookup.ServiceProviderEngineScope.<DisposeAsync>g__Await|26_0(Int32 i, ValueTask vt, List`1 toDispose)
         at Microsoft.AspNetCore.Http.Features.RequestServicesFeature.<DisposeAsync>g__Awaited|9_0(RequestServicesFeature servicesFeature, ValueTask vt)
         at Microsoft.AspNetCore.Server.Kestrel.Core.Internal.Http.HttpProtocol.<FireOnCompleted>g__ProcessEvents|242_0(HttpProtocol protocol, Stack`1 events)
fail: Microsoft.AspNetCore.Server.Kestrel[13]
      Connection id "0HNIBL5EPSLOQ", Request id "0HNIBL5EPSLOQ:00000042": An unhandled exception was thrown by the application.
      Npgsql.NpgsqlException (0x80004005): Exception while reading from stream
       ---> System.NotSupportedException:  This method may not be called when another read operation is pending.
         at System.Net.Security.SslStream.ReadAsyncInternal[TIOAdapter](Memory`1 buffer, CancellationToken cancellationToken)
         at System.Runtime.CompilerServices.PoolingAsyncValueTaskMethodBuilder`1.StateMachineBox`1.System.Threading.Tasks.Sources.IValueTaskSource<TResult>.GetResult(Int16 token)
         at Npgsql.Internal.NpgsqlReadBuffer.<Ensure>g__EnsureLong|55_0(NpgsqlReadBuffer buffer, Int32 count, Boolean async, Boolean readingNotifications)
         at Npgsql.Internal.NpgsqlReadBuffer.<Ensure>g__EnsureLong|55_0(NpgsqlReadBuffer buffer, Int32 count, Boolean async, Boolean readingNotifications)
         at System.Runtime.CompilerServices.PoolingAsyncValueTaskMethodBuilder`1.StateMachineBox`1.System.Threading.Tasks.Sources.IValueTaskSource.GetResult(Int16 token)
         at Npgsql.Internal.NpgsqlConnector.ReadMessageLong(Boolean async, DataRowLoadingMode dataRowLoadingMode, Boolean readingNotifications, Boolean isReadingPrependedMessage)
         at System.Runtime.CompilerServices.PoolingAsyncValueTaskMethodBuilder`1.StateMachineBox`1.System.Threading.Tasks.Sources.IValueTaskSource<TResult>.GetResult(Int16 token)
         at Npgsql.Internal.NpgsqlConnector.ReadMessageLong(Boolean async, DataRowLoadingMode dataRowLoadingMode, Boolean readingNotifications, Boolean isReadingPrependedMessage)
         at System.Runtime.CompilerServices.PoolingAsyncValueTaskMethodBuilder`1.StateMachineBox`1.System.Threading.Tasks.Sources.IValueTaskSource<TResult>.GetResult(Int16 token)
         at Npgsql.NpgsqlDataReader.NextResult(Boolean async, Boolean isConsuming, CancellationToken cancellationToken)
         at Npgsql.NpgsqlDataReader.NextResult(Boolean async, Boolean isConsuming, CancellationToken cancellationToken)
         at Npgsql.NpgsqlDataReader.Consume(Boolean async, Exception firstException)
         at Npgsql.NpgsqlDataReader.Consume(Boolean async, Exception firstException)
         at Npgsql.NpgsqlDataReader.Close(Boolean async, Boolean connectionClosing, Boolean isDisposing)
         at Npgsql.Internal.NpgsqlConnector.CloseOngoingOperations(Boolean async)
         at Npgsql.NpgsqlConnection.CloseAsync(Boolean async)
         at Microsoft.EntityFrameworkCore.Storage.RelationalConnection.ResetStateAsync(Boolean disposeDbConnection)
         at Microsoft.Extensions.DependencyInjection.ServiceLookup.ServiceProviderEngineScope.<DisposeAsync>g__Await|26_0(Int32 i, ValueTask vt, List`1 toDispose)
         at Microsoft.EntityFrameworkCore.DbContext.DisposeAsync()
         at Microsoft.Extensions.DependencyInjection.ServiceLookup.ServiceProviderEngineScope.<DisposeAsync>g__Await|26_0(Int32 i, ValueTask vt, List`1 toDispose)
         at Microsoft.AspNetCore.Http.Features.RequestServicesFeature.<DisposeAsync>g__Awaited|9_0(RequestServicesFeature servicesFeature, ValueTask vt)
         at Microsoft.AspNetCore.Server.Kestrel.Core.Internal.Http.HttpProtocol.<FireOnCompleted>g__ProcessEvents|242_0(HttpProtocol protocol, Stack`1 events)
fail: Microsoft.AspNetCore.Server.Kestrel[13]
      Connection id "0HNIBL5EPSLOP", Request id "0HNIBL5EPSLOP:00000057": An unhandled exception was thrown by the application.
      Npgsql.NpgsqlException (0x80004005): Exception while reading from stream
       ---> System.NotSupportedException:  This method may not be called when another read operation is pending.
         at System.Net.Security.SslStream.ReadAsyncInternal[TIOAdapter](Memory`1 buffer, CancellationToken cancellationToken)
         at System.Runtime.CompilerServices.PoolingAsyncValueTaskMethodBuilder`1.StateMachineBox`1.System.Threading.Tasks.Sources.IValueTaskSource<TResult>.GetResult(Int16 token)
         at Npgsql.Internal.NpgsqlReadBuffer.<Ensure>g__EnsureLong|55_0(NpgsqlReadBuffer buffer, Int32 count, Boolean async, Boolean readingNotifications)
         at Npgsql.Internal.NpgsqlReadBuffer.<Ensure>g__EnsureLong|55_0(NpgsqlReadBuffer buffer, Int32 count, Boolean async, Boolean readingNotifications)
         at System.Runtime.CompilerServices.PoolingAsyncValueTaskMethodBuilder`1.StateMachineBox`1.System.Threading.Tasks.Sources.IValueTaskSource.GetResult(Int16 token)
         at Npgsql.Internal.NpgsqlConnector.ReadMessageLong(Boolean async, DataRowLoadingMode dataRowLoadingMode, Boolean readingNotifications, Boolean isReadingPrependedMessage)
         at System.Runtime.CompilerServices.PoolingAsyncValueTaskMethodBuilder`1.StateMachineBox`1.System.Threading.Tasks.Sources.IValueTaskSource<TResult>.GetResult(Int16 token)
         at Npgsql.Internal.NpgsqlConnector.ReadMessageLong(Boolean async, DataRowLoadingMode dataRowLoadingMode, Boolean readingNotifications, Boolean isReadingPrependedMessage)
         at System.Runtime.CompilerServices.PoolingAsyncValueTaskMethodBuilder`1.StateMachineBox`1.System.Threading.Tasks.Sources.IValueTaskSource<TResult>.GetResult(Int16 token)
         at Npgsql.NpgsqlDataReader.NextResult(Boolean async, Boolean isConsuming, CancellationToken cancellationToken)
         at Npgsql.NpgsqlDataReader.NextResult(Boolean async, Boolean isConsuming, CancellationToken cancellationToken)
         at Npgsql.NpgsqlDataReader.Consume(Boolean async, Exception firstException)
         at Npgsql.NpgsqlDataReader.Consume(Boolean async, Exception firstException)
         at Npgsql.NpgsqlDataReader.Close(Boolean async, Boolean connectionClosing, Boolean isDisposing)
         at Npgsql.Internal.NpgsqlConnector.CloseOngoingOperations(Boolean async)
         at Npgsql.NpgsqlConnection.CloseAsync(Boolean async)
         at Microsoft.EntityFrameworkCore.Storage.RelationalConnection.ResetStateAsync(Boolean disposeDbConnection)
         at Microsoft.Extensions.DependencyInjection.ServiceLookup.ServiceProviderEngineScope.<DisposeAsync>g__Await|26_0(Int32 i, ValueTask vt, List`1 toDispose)
         at Microsoft.EntityFrameworkCore.DbContext.DisposeAsync()
         at Microsoft.Extensions.DependencyInjection.ServiceLookup.ServiceProviderEngineScope.<DisposeAsync>g__Await|26_0(Int32 i, ValueTask vt, List`1 toDispose)
         at Microsoft.AspNetCore.Http.Features.RequestServicesFeature.<DisposeAsync>g__Awaited|9_0(RequestServicesFeature servicesFeature, ValueTask vt)
         at Microsoft.AspNetCore.Server.Kestrel.Core.Internal.Http.HttpProtocol.<FireOnCompleted>g__ProcessEvents|242_0(HttpProtocol protocol, Stack`1 events)
fail: Microsoft.EntityFrameworkCore.Database.Command[20102]
      Failed executing DbCommand (16ms) [Parameters=[@p0='?', @p1='?', @p2='?', @p3='?', @p4='?', @p5='?', @p6='?' (DbType = Int32), @p7='?', @p8='?' (DbType = DateTime)], CommandType='Text', CommandTimeout='30']
      INSERT INTO "PageVisits" ("EventType", "IpHash", "Path", "Referrer", "SessionFingerprint", "UserAgent", "UserId", "UsernameSnapshot", "VisitedAt")
      VALUES (@p0, @p1, @p2, @p3, @p4, @p5, @p6, @p7, @p8)
      RETURNING "Id";
fail: Microsoft.EntityFrameworkCore.Database.Command[20102]
      Failed executing DbCommand (7ms) [Parameters=[@p0='?', @p1='?', @p2='?', @p3='?', @p4='?', @p5='?', @p6='?' (DbType = Int32), @p7='?', @p8='?' (DbType = DateTime)], CommandType='Text', CommandTimeout='30']
      INSERT INTO "PageVisits" ("EventType", "IpHash", "Path", "Referrer", "SessionFingerprint", "UserAgent", "UserId", "UsernameSnapshot", "VisitedAt")
      VALUES (@p0, @p1, @p2, @p3, @p4, @p5, @p6, @p7, @p8)
      RETURNING "Id";
fail: Microsoft.AspNetCore.Server.Kestrel[13]
      Connection id "0HNIBL5EPSLOO", Request id "0HNIBL5EPSLOO:000000CF": An unhandled exception was thrown by the application.
      Npgsql.NpgsqlException (0x80004005): Exception while reading from stream
       ---> System.NotSupportedException:  This method may not be called when another read operation is pending.
         at System.Net.Security.SslStream.ReadAsyncInternal[TIOAdapter](Memory`1 buffer, CancellationToken cancellationToken)
         at System.Runtime.CompilerServices.PoolingAsyncValueTaskMethodBuilder`1.StateMachineBox`1.System.Threading.Tasks.Sources.IValueTaskSource<TResult>.GetResult(Int16 token)
         at Npgsql.Internal.NpgsqlReadBuffer.<Ensure>g__EnsureLong|55_0(NpgsqlReadBuffer buffer, Int32 count, Boolean async, Boolean readingNotifications)
         at Npgsql.Internal.NpgsqlReadBuffer.<Ensure>g__EnsureLong|55_0(NpgsqlReadBuffer buffer, Int32 count, Boolean async, Boolean readingNotifications)
         at System.Runtime.CompilerServices.PoolingAsyncValueTaskMethodBuilder`1.StateMachineBox`1.System.Threading.Tasks.Sources.IValueTaskSource.GetResult(Int16 token)
         at Npgsql.Internal.NpgsqlConnector.ReadMessageLong(Boolean async, DataRowLoadingMode dataRowLoadingMode, Boolean readingNotifications, Boolean isReadingPrependedMessage)
         at System.Runtime.CompilerServices.PoolingAsyncValueTaskMethodBuilder`1.StateMachineBox`1.System.Threading.Tasks.Sources.IValueTaskSource<TResult>.GetResult(Int16 token)
         at Npgsql.Internal.NpgsqlConnector.ReadMessageLong(Boolean async, DataRowLoadingMode dataRowLoadingMode, Boolean readingNotifications, Boolean isReadingPrependedMessage)
         at System.Runtime.CompilerServices.PoolingAsyncValueTaskMethodBuilder`1.StateMachineBox`1.System.Threading.Tasks.Sources.IValueTaskSource<TResult>.GetResult(Int16 token)
         at Npgsql.NpgsqlDataReader.NextResult(Boolean async, Boolean isConsuming, CancellationToken cancellationToken)
         at Npgsql.NpgsqlDataReader.NextResult(Boolean async, Boolean isConsuming, CancellationToken cancellationToken)
         at Npgsql.NpgsqlDataReader.Consume(Boolean async, Exception firstException)
         at Npgsql.NpgsqlDataReader.Consume(Boolean async, Exception firstException)
         at Npgsql.NpgsqlDataReader.Close(Boolean async, Boolean connectionClosing, Boolean isDisposing)
         at Npgsql.Internal.NpgsqlConnector.CloseOngoingOperations(Boolean async)
         at Npgsql.NpgsqlConnection.CloseAsync(Boolean async)
         at Microsoft.EntityFrameworkCore.Storage.RelationalConnection.ResetStateAsync(Boolean disposeDbConnection)
         at Microsoft.Extensions.DependencyInjection.ServiceLookup.ServiceProviderEngineScope.<DisposeAsync>g__Await|26_0(Int32 i, ValueTask vt, List`1 toDispose)
         at Microsoft.EntityFrameworkCore.DbContext.DisposeAsync()
         at Microsoft.Extensions.DependencyInjection.ServiceLookup.ServiceProviderEngineScope.<DisposeAsync>g__Await|26_0(Int32 i, ValueTask vt, List`1 toDispose)
         at Microsoft.AspNetCore.Http.Features.RequestServicesFeature.<DisposeAsync>g__Awaited|9_0(RequestServicesFeature servicesFeature, ValueTask vt)
         at Microsoft.AspNetCore.Server.Kestrel.Core.Internal.Http.HttpProtocol.<FireOnCompleted>g__ProcessEvents|242_0(HttpProtocol protocol, Stack`1 events)
fail: Microsoft.AspNetCore.Server.Kestrel[13]
      Connection id "0HNIBL5EPSLOQ", Request id "0HNIBL5EPSLOQ:00000063": An unhandled exception was thrown by the application.
      Npgsql.NpgsqlException (0x80004005): Exception while reading from stream
       ---> System.NotSupportedException:  This method may not be called when another read operation is pending.
         at System.Net.Security.SslStream.ReadAsyncInternal[TIOAdapter](Memory`1 buffer, CancellationToken cancellationToken)
         at System.Runtime.CompilerServices.PoolingAsyncValueTaskMethodBuilder`1.StateMachineBox`1.System.Threading.Tasks.Sources.IValueTaskSource<TResult>.GetResult(Int16 token)
         at Npgsql.Internal.NpgsqlReadBuffer.<Ensure>g__EnsureLong|55_0(NpgsqlReadBuffer buffer, Int32 count, Boolean async, Boolean readingNotifications)
         at Npgsql.Internal.NpgsqlReadBuffer.<Ensure>g__EnsureLong|55_0(NpgsqlReadBuffer buffer, Int32 count, Boolean async, Boolean readingNotifications)
         at System.Runtime.CompilerServices.PoolingAsyncValueTaskMethodBuilder`1.StateMachineBox`1.System.Threading.Tasks.Sources.IValueTaskSource.GetResult(Int16 token)
         at Npgsql.Internal.NpgsqlConnector.ReadMessageLong(Boolean async, DataRowLoadingMode dataRowLoadingMode, Boolean readingNotifications, Boolean isReadingPrependedMessage)
         at System.Runtime.CompilerServices.PoolingAsyncValueTaskMethodBuilder`1.StateMachineBox`1.System.Threading.Tasks.Sources.IValueTaskSource<TResult>.GetResult(Int16 token)
         at Npgsql.NpgsqlDataReader.NextResult(Boolean async, Boolean isConsuming, CancellationToken cancellationToken)
         at Npgsql.NpgsqlDataReader.NextResult(Boolean async, Boolean isConsuming, CancellationToken cancellationToken)
         at Npgsql.NpgsqlDataReader.Consume(Boolean async, Exception firstException)
         at Npgsql.NpgsqlDataReader.Consume(Boolean async, Exception firstException)
         at Npgsql.NpgsqlDataReader.Close(Boolean async, Boolean connectionClosing, Boolean isDisposing)
         at Npgsql.Internal.NpgsqlConnector.CloseOngoingOperations(Boolean async)
         at Npgsql.NpgsqlConnection.CloseAsync(Boolean async)
         at Microsoft.EntityFrameworkCore.Storage.RelationalConnection.ResetStateAsync(Boolean disposeDbConnection)
         at Microsoft.Extensions.DependencyInjection.ServiceLookup.ServiceProviderEngineScope.<DisposeAsync>g__Await|26_0(Int32 i, ValueTask vt, List`1 toDispose)
         at Microsoft.EntityFrameworkCore.DbContext.DisposeAsync()
         at Microsoft.Extensions.DependencyInjection.ServiceLookup.ServiceProviderEngineScope.<DisposeAsync>g__Await|26_0(Int32 i, ValueTask vt, List`1 toDispose)
         at Microsoft.AspNetCore.Http.Features.RequestServicesFeature.<DisposeAsync>g__Awaited|9_0(RequestServicesFeature servicesFeature, ValueTask vt)
         at Microsoft.AspNetCore.Server.Kestrel.Core.Internal.Http.HttpProtocol.<FireOnCompleted>g__ProcessEvents|242_0(HttpProtocol protocol, Stack`1 events)
fail: Microsoft.EntityFrameworkCore.Database.Command[20102]
      Failed executing DbCommand (8ms) [Parameters=[@p0='?', @p1='?', @p2='?', @p3='?', @p4='?', @p5='?', @p6='?' (DbType = Int32), @p7='?', @p8='?' (DbType = DateTime)], CommandType='Text', CommandTimeout='30']
      INSERT INTO "PageVisits" ("EventType", "IpHash", "Path", "Referrer", "SessionFingerprint", "UserAgent", "UserId", "UsernameSnapshot", "VisitedAt")
      VALUES (@p0, @p1, @p2, @p3, @p4, @p5, @p6, @p7, @p8)
      RETURNING "Id";
fail: Microsoft.AspNetCore.Server.Kestrel[13]
      Connection id "0HNIBL5EPSLOO", Request id "0HNIBL5EPSLOO:000000DB": An unhandled exception was thrown by the application.
      Npgsql.NpgsqlOperationInProgressException (0x80004005): A command is already in progress: INSERT INTO "PageVisits" ("EventType", "IpHash", "Path", "Referrer", "SessionFingerprint", "UserAgent", "UserId", "UsernameSnapshot", "VisitedAt")
      VALUES (@p0, @p1, @p2, @p3, @p4, @p5, @p6, @p7, @p8)
      RETURNING "Id";
      
         at Npgsql.ThrowHelper.ThrowNpgsqlOperationInProgressException(NpgsqlCommand command)
         at Npgsql.Internal.NpgsqlConnector.<StartUserAction>g__DoStartUserAction|279_0(ConnectorState newState, NpgsqlCommand command, CancellationToken cancellationToken, Boolean attemptPgCancellation)
         at Npgsql.Internal.NpgsqlConnector.Reset(Boolean async)
         at Npgsql.NpgsqlConnection.CloseAsync(Boolean async)
         at Microsoft.EntityFrameworkCore.Storage.RelationalConnection.ResetStateAsync(Boolean disposeDbConnection)
         at Microsoft.Extensions.DependencyInjection.ServiceLookup.ServiceProviderEngineScope.<DisposeAsync>g__Await|26_0(Int32 i, ValueTask vt, List`1 toDispose)
         at Microsoft.EntityFrameworkCore.DbContext.DisposeAsync()
         at Microsoft.Extensions.DependencyInjection.ServiceLookup.ServiceProviderEngineScope.<DisposeAsync>g__Await|26_0(Int32 i, ValueTask vt, List`1 toDispose)
         at Microsoft.AspNetCore.Http.Features.RequestServicesFeature.<DisposeAsync>g__Awaited|9_0(RequestServicesFeature servicesFeature, ValueTask vt)
         at Microsoft.AspNetCore.Server.Kestrel.Core.Internal.Http.HttpProtocol.<FireOnCompleted>g__ProcessEvents|242_0(HttpProtocol protocol, Stack`1 events)
fail: Microsoft.EntityFrameworkCore.Database.Command[20102]
      Failed executing DbCommand (1ms) [Parameters=[@p0='?', @p1='?', @p2='?', @p3='?', @p4='?', @p5='?', @p6='?' (DbType = Int32), @p7='?', @p8='?' (DbType = DateTime)], CommandType='Text', CommandTimeout='30']
      INSERT INTO "PageVisits" ("EventType", "IpHash", "Path", "Referrer", "SessionFingerprint", "UserAgent", "UserId", "UsernameSnapshot", "VisitedAt")
      VALUES (@p0, @p1, @p2, @p3, @p4, @p5, @p6, @p7, @p8)
      RETURNING "Id";
fail: Microsoft.EntityFrameworkCore.Database.Command[20102]
      Failed executing DbCommand (2ms) [Parameters=[@p0='?', @p1='?', @p2='?', @p3='?', @p4='?', @p5='?', @p6='?' (DbType = Int32), @p7='?', @p8='?' (DbType = DateTime)], CommandType='Text', CommandTimeout='30']
      INSERT INTO "PageVisits" ("EventType", "IpHash", "Path", "Referrer", "SessionFingerprint", "UserAgent", "UserId", "UsernameSnapshot", "VisitedAt")
      VALUES (@p0, @p1, @p2, @p3, @p4, @p5, @p6, @p7, @p8)
      RETURNING "Id";
fail: Microsoft.AspNetCore.Server.Kestrel[13]
      Connection id "0HNIBL5EPSLOP", Request id "0HNIBL5EPSLOP:00000077": An unhandled exception was thrown by the application.
      Npgsql.NpgsqlException (0x80004005): Exception while reading from stream
       ---> System.NotSupportedException:  This method may not be called when another read operation is pending.
         at System.Net.Security.SslStream.ReadAsyncInternal[TIOAdapter](Memory`1 buffer, CancellationToken cancellationToken)
         at System.Runtime.CompilerServices.PoolingAsyncValueTaskMethodBuilder`1.StateMachineBox`1.System.Threading.Tasks.Sources.IValueTaskSource<TResult>.GetResult(Int16 token)
         at Npgsql.Internal.NpgsqlReadBuffer.<Ensure>g__EnsureLong|55_0(NpgsqlReadBuffer buffer, Int32 count, Boolean async, Boolean readingNotifications)
         at Npgsql.Internal.NpgsqlReadBuffer.<Ensure>g__EnsureLong|55_0(NpgsqlReadBuffer buffer, Int32 count, Boolean async, Boolean readingNotifications)
         at System.Runtime.CompilerServices.PoolingAsyncValueTaskMethodBuilder`1.StateMachineBox`1.System.Threading.Tasks.Sources.IValueTaskSource.GetResult(Int16 token)
         at Npgsql.Internal.NpgsqlConnector.ReadMessageLong(Boolean async, DataRowLoadingMode dataRowLoadingMode, Boolean readingNotifications, Boolean isReadingPrependedMessage)
         at System.Runtime.CompilerServices.PoolingAsyncValueTaskMethodBuilder`1.StateMachineBox`1.System.Threading.Tasks.Sources.IValueTaskSource<TResult>.GetResult(Int16 token)
         at Npgsql.NpgsqlDataReader.NextResult(Boolean async, Boolean isConsuming, CancellationToken cancellationToken)
         at Npgsql.NpgsqlDataReader.NextResult(Boolean async, Boolean isConsuming, CancellationToken cancellationToken)
         at Npgsql.NpgsqlDataReader.Consume(Boolean async, Exception firstException)
         at Npgsql.NpgsqlDataReader.Consume(Boolean async, Exception firstException)
         at Npgsql.NpgsqlDataReader.Close(Boolean async, Boolean connectionClosing, Boolean isDisposing)
         at Npgsql.Internal.NpgsqlConnector.CloseOngoingOperations(Boolean async)
         at Npgsql.NpgsqlConnection.CloseAsync(Boolean async)
         at Microsoft.EntityFrameworkCore.Storage.RelationalConnection.ResetStateAsync(Boolean disposeDbConnection)
         at Microsoft.Extensions.DependencyInjection.ServiceLookup.ServiceProviderEngineScope.<DisposeAsync>g__Await|26_0(Int32 i, ValueTask vt, List`1 toDispose)
         at Microsoft.EntityFrameworkCore.DbContext.DisposeAsync()
         at Microsoft.Extensions.DependencyInjection.ServiceLookup.ServiceProviderEngineScope.<DisposeAsync>g__Await|26_0(Int32 i, ValueTask vt, List`1 toDispose)
         at Microsoft.AspNetCore.Http.Features.RequestServicesFeature.<DisposeAsync>g__Awaited|9_0(RequestServicesFeature servicesFeature, ValueTask vt)
         at Microsoft.AspNetCore.Server.Kestrel.Core.Internal.Http.HttpProtocol.<FireOnCompleted>g__ProcessEvents|242_0(HttpProtocol protocol, Stack`1 events)
fail: Microsoft.AspNetCore.Server.Kestrel[13]
      Connection id "0HNIBL5EPSLOP", Request id "0HNIBL5EPSLOP:00000087": An unhandled exception was thrown by the application.
      Npgsql.NpgsqlOperationInProgressException (0x80004005): A command is already in progress: INSERT INTO "PageVisits" ("EventType", "IpHash", "Path", "Referrer", "SessionFingerprint", "UserAgent", "UserId", "UsernameSnapshot", "VisitedAt")
      VALUES (@p0, @p1, @p2, @p3, @p4, @p5, @p6, @p7, @p8)
      RETURNING "Id";
      
         at Npgsql.ThrowHelper.ThrowNpgsqlOperationInProgressException(NpgsqlCommand command)
         at Npgsql.Internal.NpgsqlConnector.<StartUserAction>g__DoStartUserAction|279_0(ConnectorState newState, NpgsqlCommand command, CancellationToken cancellationToken, Boolean attemptPgCancellation)
         at Npgsql.Internal.NpgsqlConnector.Reset(Boolean async)
         at Npgsql.NpgsqlConnection.CloseAsync(Boolean async)
         at Microsoft.EntityFrameworkCore.Storage.RelationalConnection.ResetStateAsync(Boolean disposeDbConnection)
         at Microsoft.Extensions.DependencyInjection.ServiceLookup.ServiceProviderEngineScope.<DisposeAsync>g__Await|26_0(Int32 i, ValueTask vt, List`1 toDispose)
         at Microsoft.EntityFrameworkCore.DbContext.DisposeAsync()
         at Microsoft.Extensions.DependencyInjection.ServiceLookup.ServiceProviderEngineScope.<DisposeAsync>g__Await|26_0(Int32 i, ValueTask vt, List`1 toDispose)
         at Microsoft.AspNetCore.Http.Features.RequestServicesFeature.<DisposeAsync>g__Awaited|9_0(RequestServicesFeature servicesFeature, ValueTask vt)
         at Microsoft.AspNetCore.Server.Kestrel.Core.Internal.Http.HttpProtocol.<FireOnCompleted>g__ProcessEvents|242_0(HttpProtocol protocol, Stack`1 events)
fail: Microsoft.EntityFrameworkCore.Database.Command[20102]
      Failed executing DbCommand (3ms) [Parameters=[@p0='?', @p1='?', @p2='?', @p3='?', @p4='?', @p5='?', @p6='?' (DbType = Int32), @p7='?', @p8='?' (DbType = DateTime)], CommandType='Text', CommandTimeout='30']
      INSERT INTO "PageVisits" ("EventType", "IpHash", "Path", "Referrer", "SessionFingerprint", "UserAgent", "UserId", "UsernameSnapshot", "VisitedAt")
      VALUES (@p0, @p1, @p2, @p3, @p4, @p5, @p6, @p7, @p8)
      RETURNING "Id";
fail: Microsoft.AspNetCore.Server.Kestrel[13]
      Connection id "0HNIBL5EPSLOQ", Request id "0HNIBL5EPSLOQ:000000BE": An unhandled exception was thrown by the application.
      Npgsql.NpgsqlException (0x80004005): Exception while reading from stream
       ---> System.NotSupportedException:  This method may not be called when another read operation is pending.
         at System.Net.Security.SslStream.ReadAsyncInternal[TIOAdapter](Memory`1 buffer, CancellationToken cancellationToken)
         at System.Runtime.CompilerServices.PoolingAsyncValueTaskMethodBuilder`1.StateMachineBox`1.System.Threading.Tasks.Sources.IValueTaskSource<TResult>.GetResult(Int16 token)
         at Npgsql.Internal.NpgsqlReadBuffer.<Ensure>g__EnsureLong|55_0(NpgsqlReadBuffer buffer, Int32 count, Boolean async, Boolean readingNotifications)
         at Npgsql.Internal.NpgsqlReadBuffer.<Ensure>g__EnsureLong|55_0(NpgsqlReadBuffer buffer, Int32 count, Boolean async, Boolean readingNotifications)
         at System.Runtime.CompilerServices.PoolingAsyncValueTaskMethodBuilder`1.StateMachineBox`1.System.Threading.Tasks.Sources.IValueTaskSource.GetResult(Int16 token)
         at Npgsql.Internal.NpgsqlConnector.ReadMessageLong(Boolean async, DataRowLoadingMode dataRowLoadingMode, Boolean readingNotifications, Boolean isReadingPrependedMessage)
         at System.Runtime.CompilerServices.PoolingAsyncValueTaskMethodBuilder`1.StateMachineBox`1.System.Threading.Tasks.Sources.IValueTaskSource<TResult>.GetResult(Int16 token)
         at Npgsql.Internal.NpgsqlConnector.ReadMessageLong(Boolean async, DataRowLoadingMode dataRowLoadingMode, Boolean readingNotifications, Boolean isReadingPrependedMessage)
         at System.Runtime.CompilerServices.PoolingAsyncValueTaskMethodBuilder`1.StateMachineBox`1.System.Threading.Tasks.Sources.IValueTaskSource<TResult>.GetResult(Int16 token)
         at Npgsql.NpgsqlDataReader.NextResult(Boolean async, Boolean isConsuming, CancellationToken cancellationToken)
         at Npgsql.NpgsqlDataReader.NextResult(Boolean async, Boolean isConsuming, CancellationToken cancellationToken)
         at Npgsql.NpgsqlDataReader.Consume(Boolean async, Exception firstException)
         at Npgsql.NpgsqlDataReader.Consume(Boolean async, Exception firstException)
         at Npgsql.NpgsqlDataReader.Close(Boolean async, Boolean connectionClosing, Boolean isDisposing)
         at Npgsql.Internal.NpgsqlConnector.CloseOngoingOperations(Boolean async)
         at Npgsql.NpgsqlConnection.CloseAsync(Boolean async)
         at Microsoft.EntityFrameworkCore.Storage.RelationalConnection.ResetStateAsync(Boolean disposeDbConnection)
         at Microsoft.Extensions.DependencyInjection.ServiceLookup.ServiceProviderEngineScope.<DisposeAsync>g__Await|26_0(Int32 i, ValueTask vt, List`1 toDispose)
         at Microsoft.EntityFrameworkCore.DbContext.DisposeAsync()
         at Microsoft.Extensions.DependencyInjection.ServiceLookup.ServiceProviderEngineScope.<DisposeAsync>g__Await|26_0(Int32 i, ValueTask vt, List`1 toDispose)
         at Microsoft.AspNetCore.Http.Features.RequestServicesFeature.<DisposeAsync>g__Awaited|9_0(RequestServicesFeature servicesFeature, ValueTask vt)
         at Microsoft.AspNetCore.Server.Kestrel.Core.Internal.Http.HttpProtocol.<FireOnCompleted>g__ProcessEvents|242_0(HttpProtocol protocol, Stack`1 events)
fail: Microsoft.EntityFrameworkCore.Database.Command[20102]
      Failed executing DbCommand (4ms) [Parameters=[@p0='?', @p1='?', @p2='?', @p3='?', @p4='?', @p5='?', @p6='?' (DbType = Int32), @p7='?', @p8='?' (DbType = DateTime)], CommandType='Text', CommandTimeout='30']
      INSERT INTO "PageVisits" ("EventType", "IpHash", "Path", "Referrer", "SessionFingerprint", "UserAgent", "UserId", "UsernameSnapshot", "VisitedAt")
      VALUES (@p0, @p1, @p2, @p3, @p4, @p5, @p6, @p7, @p8)
      RETURNING "Id";
fail: Microsoft.AspNetCore.Server.Kestrel[13]
      Connection id "0HNIBL5EPSLOQ", Request id "0HNIBL5EPSLOQ:000000C5": An unhandled exception was thrown by the application.
      Npgsql.NpgsqlException (0x80004005): Exception while reading from stream
       ---> System.NotSupportedException:  This method may not be called when another read operation is pending.
         at System.Net.Security.SslStream.ReadAsyncInternal[TIOAdapter](Memory`1 buffer, CancellationToken cancellationToken)
         at System.Runtime.CompilerServices.PoolingAsyncValueTaskMethodBuilder`1.StateMachineBox`1.System.Threading.Tasks.Sources.IValueTaskSource<TResult>.GetResult(Int16 token)
         at Npgsql.Internal.NpgsqlReadBuffer.<Ensure>g__EnsureLong|55_0(NpgsqlReadBuffer buffer, Int32 count, Boolean async, Boolean readingNotifications)
         at Npgsql.Internal.NpgsqlReadBuffer.<Ensure>g__EnsureLong|55_0(NpgsqlReadBuffer buffer, Int32 count, Boolean async, Boolean readingNotifications)
         at System.Runtime.CompilerServices.PoolingAsyncValueTaskMethodBuilder`1.StateMachineBox`1.System.Threading.Tasks.Sources.IValueTaskSource.GetResult(Int16 token)
         at Npgsql.Internal.NpgsqlConnector.ReadMessageLong(Boolean async, DataRowLoadingMode dataRowLoadingMode, Boolean readingNotifications, Boolean isReadingPrependedMessage)
         at System.Runtime.CompilerServices.PoolingAsyncValueTaskMethodBuilder`1.StateMachineBox`1.System.Threading.Tasks.Sources.IValueTaskSource<TResult>.GetResult(Int16 token)
         at Npgsql.Internal.NpgsqlConnector.ReadMessageLong(Boolean async, DataRowLoadingMode dataRowLoadingMode, Boolean readingNotifications, Boolean isReadingPrependedMessage)
         at System.Runtime.CompilerServices.PoolingAsyncValueTaskMethodBuilder`1.StateMachineBox`1.System.Threading.Tasks.Sources.IValueTaskSource<TResult>.GetResult(Int16 token)
         at Npgsql.NpgsqlDataReader.NextResult(Boolean async, Boolean isConsuming, CancellationToken cancellationToken)
         at Npgsql.NpgsqlDataReader.NextResult(Boolean async, Boolean isConsuming, CancellationToken cancellationToken)
         at Npgsql.NpgsqlDataReader.Consume(Boolean async, Exception firstException)
         at Npgsql.NpgsqlDataReader.Consume(Boolean async, Exception firstException)
         at Npgsql.NpgsqlDataReader.Close(Boolean async, Boolean connectionClosing, Boolean isDisposing)
         at Npgsql.Internal.NpgsqlConnector.CloseOngoingOperations(Boolean async)
         at Npgsql.NpgsqlConnection.CloseAsync(Boolean async)
         at Microsoft.EntityFrameworkCore.Storage.RelationalConnection.ResetStateAsync(Boolean disposeDbConnection)
         at Microsoft.Extensions.DependencyInjection.ServiceLookup.ServiceProviderEngineScope.<DisposeAsync>g__Await|26_0(Int32 i, ValueTask vt, List`1 toDispose)
         at Microsoft.EntityFrameworkCore.DbContext.DisposeAsync()
         at Microsoft.Extensions.DependencyInjection.ServiceLookup.ServiceProviderEngineScope.<DisposeAsync>g__Await|26_0(Int32 i, ValueTask vt, List`1 toDispose)
         at Microsoft.AspNetCore.Http.Features.RequestServicesFeature.<DisposeAsync>g__Awaited|9_0(RequestServicesFeature servicesFeature, ValueTask vt)
         at Microsoft.AspNetCore.Server.Kestrel.Core.Internal.Http.HttpProtocol.<FireOnCompleted>g__ProcessEvents|242_0(HttpProtocol protocol, Stack`1 events)
fail: Microsoft.AspNetCore.Server.Kestrel[13]
      Connection id "0HNIBL5EPSLOP", Request id "0HNIBL5EPSLOP:000000D0": An unhandled exception was thrown by the application.
      Npgsql.NpgsqlOperationInProgressException (0x80004005): A command is already in progress: INSERT INTO "PageVisits" ("EventType", "IpHash", "Path", "Referrer", "SessionFingerprint", "UserAgent", "UserId", "UsernameSnapshot", "VisitedAt")
      VALUES (@p0, @p1, @p2, @p3, @p4, @p5, @p6, @p7, @p8)
      RETURNING "Id";
      
         at Npgsql.ThrowHelper.ThrowNpgsqlOperationInProgressException(NpgsqlCommand command)
         at Npgsql.Internal.NpgsqlConnector.<StartUserAction>g__DoStartUserAction|279_0(ConnectorState newState, NpgsqlCommand command, CancellationToken cancellationToken, Boolean attemptPgCancellation)
         at Npgsql.Internal.NpgsqlConnector.Reset(Boolean async)
         at Npgsql.NpgsqlConnection.CloseAsync(Boolean async)
         at Microsoft.EntityFrameworkCore.Storage.RelationalConnection.ResetStateAsync(Boolean disposeDbConnection)
         at Microsoft.Extensions.DependencyInjection.ServiceLookup.ServiceProviderEngineScope.<DisposeAsync>g__Await|26_0(Int32 i, ValueTask vt, List`1 toDispose)
         at Microsoft.EntityFrameworkCore.DbContext.DisposeAsync()
         at Microsoft.Extensions.DependencyInjection.ServiceLookup.ServiceProviderEngineScope.<DisposeAsync>g__Await|26_0(Int32 i, ValueTask vt, List`1 toDispose)
         at Microsoft.AspNetCore.Http.Features.RequestServicesFeature.<DisposeAsync>g__Awaited|9_0(RequestServicesFeature servicesFeature, ValueTask vt)
         at Microsoft.AspNetCore.Server.Kestrel.Core.Internal.Http.HttpProtocol.<FireOnCompleted>g__ProcessEvents|242_0(HttpProtocol protocol, Stack`1 events)
fail: Microsoft.AspNetCore.Server.Kestrel[13]
      Connection id "0HNIBL5EPSLOO", Request id "0HNIBL5EPSLOO:000001C4": An unhandled exception was thrown by the application.
      Npgsql.NpgsqlException (0x80004005): Exception while reading from stream
       ---> System.NotSupportedException:  This method may not be called when another read operation is pending.
         at System.Net.Security.SslStream.ReadAsyncInternal[TIOAdapter](Memory`1 buffer, CancellationToken cancellationToken)
         at System.Runtime.CompilerServices.PoolingAsyncValueTaskMethodBuilder`1.StateMachineBox`1.System.Threading.Tasks.Sources.IValueTaskSource<TResult>.GetResult(Int16 token)
         at Npgsql.Internal.NpgsqlReadBuffer.<Ensure>g__EnsureLong|55_0(NpgsqlReadBuffer buffer, Int32 count, Boolean async, Boolean readingNotifications)
         at Npgsql.Internal.NpgsqlReadBuffer.<Ensure>g__EnsureLong|55_0(NpgsqlReadBuffer buffer, Int32 count, Boolean async, Boolean readingNotifications)
         at System.Runtime.CompilerServices.PoolingAsyncValueTaskMethodBuilder`1.StateMachineBox`1.System.Threading.Tasks.Sources.IValueTaskSource.GetResult(Int16 token)
         at Npgsql.Internal.NpgsqlConnector.ReadMessageLong(Boolean async, DataRowLoadingMode dataRowLoadingMode, Boolean readingNotifications, Boolean isReadingPrependedMessage)
         at System.Runtime.CompilerServices.PoolingAsyncValueTaskMethodBuilder`1.StateMachineBox`1.System.Threading.Tasks.Sources.IValueTaskSource<TResult>.GetResult(Int16 token)
         at Npgsql.Internal.NpgsqlConnector.ReadMessageLong(Boolean async, DataRowLoadingMode dataRowLoadingMode, Boolean readingNotifications, Boolean isReadingPrependedMessage)
         at System.Runtime.CompilerServices.PoolingAsyncValueTaskMethodBuilder`1.StateMachineBox`1.System.Threading.Tasks.Sources.IValueTaskSource<TResult>.GetResult(Int16 token)
         at Npgsql.NpgsqlDataReader.NextResult(Boolean async, Boolean isConsuming, CancellationToken cancellationToken)
         at Npgsql.NpgsqlDataReader.NextResult(Boolean async, Boolean isConsuming, CancellationToken cancellationToken)
         at Npgsql.NpgsqlDataReader.Consume(Boolean async, Exception firstException)
         at Npgsql.NpgsqlDataReader.Consume(Boolean async, Exception firstException)
         at Npgsql.NpgsqlDataReader.Close(Boolean async, Boolean connectionClosing, Boolean isDisposing)
         at Npgsql.Internal.NpgsqlConnector.CloseOngoingOperations(Boolean async)
         at Npgsql.NpgsqlConnection.CloseAsync(Boolean async)
         at Microsoft.EntityFrameworkCore.Storage.RelationalConnection.ResetStateAsync(Boolean disposeDbConnection)
         at Microsoft.Extensions.DependencyInjection.ServiceLookup.ServiceProviderEngineScope.<DisposeAsync>g__Await|26_0(Int32 i, ValueTask vt, List`1 toDispose)
         at Microsoft.EntityFrameworkCore.DbContext.DisposeAsync()
         at Microsoft.Extensions.DependencyInjection.ServiceLookup.ServiceProviderEngineScope.<DisposeAsync>g__Await|26_0(Int32 i, ValueTask vt, List`1 toDispose)
         at Microsoft.AspNetCore.Http.Features.RequestServicesFeature.<DisposeAsync>g__Awaited|9_0(RequestServicesFeature servicesFeature, ValueTask vt)
         at Microsoft.AspNetCore.Server.Kestrel.Core.Internal.Http.HttpProtocol.<FireOnCompleted>g__ProcessEvents|242_0(HttpProtocol protocol, Stack`1 events)
fail: Microsoft.EntityFrameworkCore.Database.Command[20102]
      Failed executing DbCommand (4ms) [Parameters=[@p0='?', @p1='?', @p2='?', @p3='?', @p4='?', @p5='?', @p6='?' (DbType = Int32), @p7='?', @p8='?' (DbType = DateTime)], CommandType='Text', CommandTimeout='30']
      INSERT INTO "PageVisits" ("EventType", "IpHash", "Path", "Referrer", "SessionFingerprint", "UserAgent", "UserId", "UsernameSnapshot", "VisitedAt")
      VALUES (@p0, @p1, @p2, @p3, @p4, @p5, @p6, @p7, @p8)
      RETURNING "Id";
fail: Microsoft.EntityFrameworkCore.Database.Command[20102]
      Failed executing DbCommand (3ms) [Parameters=[@p0='?', @p1='?', @p2='?', @p3='?', @p4='?', @p5='?', @p6='?' (DbType = Int32), @p7='?', @p8='?' (DbType = DateTime)], CommandType='Text', CommandTimeout='30']
      INSERT INTO "PageVisits" ("EventType", "IpHash", "Path", "Referrer", "SessionFingerprint", "UserAgent", "UserId", "UsernameSnapshot", "VisitedAt")
      VALUES (@p0, @p1, @p2, @p3, @p4, @p5, @p6, @p7, @p8)
      RETURNING "Id";
fail: Microsoft.AspNetCore.Server.Kestrel[13]
      Connection id "0HNIBL5EPSLOP", Request id "0HNIBL5EPSLOP:000000E3": An unhandled exception was thrown by the application.
      Npgsql.NpgsqlException (0x80004005): Exception while reading from stream
       ---> System.NotSupportedException:  This method may not be called when another read operation is pending.
         at System.Net.Security.SslStream.ReadAsyncInternal[TIOAdapter](Memory`1 buffer, CancellationToken cancellationToken)
         at System.Runtime.CompilerServices.PoolingAsyncValueTaskMethodBuilder`1.StateMachineBox`1.System.Threading.Tasks.Sources.IValueTaskSource<TResult>.GetResult(Int16 token)
         at Npgsql.Internal.NpgsqlReadBuffer.<Ensure>g__EnsureLong|55_0(NpgsqlReadBuffer buffer, Int32 count, Boolean async, Boolean readingNotifications)
         at Npgsql.Internal.NpgsqlReadBuffer.<Ensure>g__EnsureLong|55_0(NpgsqlReadBuffer buffer, Int32 count, Boolean async, Boolean readingNotifications)
         at System.Runtime.CompilerServices.PoolingAsyncValueTaskMethodBuilder`1.StateMachineBox`1.System.Threading.Tasks.Sources.IValueTaskSource.GetResult(Int16 token)
         at Npgsql.Internal.NpgsqlConnector.ReadMessageLong(Boolean async, DataRowLoadingMode dataRowLoadingMode, Boolean readingNotifications, Boolean isReadingPrependedMessage)
         at System.Runtime.CompilerServices.PoolingAsyncValueTaskMethodBuilder`1.StateMachineBox`1.System.Threading.Tasks.Sources.IValueTaskSource<TResult>.GetResult(Int16 token)
         at Npgsql.Internal.NpgsqlConnector.ReadMessageLong(Boolean async, DataRowLoadingMode dataRowLoadingMode, Boolean readingNotifications, Boolean isReadingPrependedMessage)
         at System.Runtime.CompilerServices.PoolingAsyncValueTaskMethodBuilder`1.StateMachineBox`1.System.Threading.Tasks.Sources.IValueTaskSource<TResult>.GetResult(Int16 token)
         at Npgsql.NpgsqlDataReader.NextResult(Boolean async, Boolean isConsuming, CancellationToken cancellationToken)
         at Npgsql.NpgsqlDataReader.NextResult(Boolean async, Boolean isConsuming, CancellationToken cancellationToken)
         at Npgsql.NpgsqlDataReader.Consume(Boolean async, Exception firstException)
         at Npgsql.NpgsqlDataReader.Consume(Boolean async, Exception firstException)
         at Npgsql.NpgsqlDataReader.Close(Boolean async, Boolean connectionClosing, Boolean isDisposing)
         at Npgsql.Internal.NpgsqlConnector.CloseOngoingOperations(Boolean async)
         at Npgsql.NpgsqlConnection.CloseAsync(Boolean async)
         at Microsoft.EntityFrameworkCore.Storage.RelationalConnection.ResetStateAsync(Boolean disposeDbConnection)
         at Microsoft.Extensions.DependencyInjection.ServiceLookup.ServiceProviderEngineScope.<DisposeAsync>g__Await|26_0(Int32 i, ValueTask vt, List`1 toDispose)
         at Microsoft.EntityFrameworkCore.DbContext.DisposeAsync()
         at Microsoft.Extensions.DependencyInjection.ServiceLookup.ServiceProviderEngineScope.<DisposeAsync>g__Await|26_0(Int32 i, ValueTask vt, List`1 toDispose)
         at Microsoft.AspNetCore.Http.Features.RequestServicesFeature.<DisposeAsync>g__Awaited|9_0(RequestServicesFeature servicesFeature, ValueTask vt)
         at Microsoft.AspNetCore.Server.Kestrel.Core.Internal.Http.HttpProtocol.<FireOnCompleted>g__ProcessEvents|242_0(HttpProtocol protocol, Stack`1 events)
